<?xml version="1.0" encoding="UTF-8"?>
<!-- Generated by org.testng.reporters.JUnitXMLReporter -->
<testsuite ignored="0" hostname="C02DRRKMMD6M" failures="0" tests="3" name="Test" time="48.786" errors="0" timestamp="2023-03-07T02:19:11 IST">
  <testcase classname="com.smart.webUi.testcases.CardsPageTest" name="verifyCardTitile" time="11.132"/>
  <testcase classname="com.smart.webUi.testcases.CardsPageTest" name="verifyJoiningFee" time="2.056"/>
  <testcase classname="com.smart.webUi.testcases.CardsPageTest" name="verifyAnnualFee" time="8.276"/>
</testsuite> <!-- Test -->
